# JRE version: Java(TM) SE Runtime Environment (8.0_72-b15) (build 1.8.0_72-b15)
# Java VM: Java HotSpot(TM) 64-Bit Server VM (25.72-b15 mixed mode windows-amd64 compressed oops)
Heap:
 PSYoungGen      total 391168K, used 6361K [0x00000000d5580000, 0x00000000ef580000, 0x0000000100000000)
  eden space 356352K, 1% used [0x00000000d5580000,0x00000000d5bb64b8,0x00000000eb180000)
  from space 34816K, 0% used [0x00000000ed380000,0x00000000ed380000,0x00000000ef580000)
  to   space 34816K, 0% used [0x00000000eb180000,0x00000000eb180000,0x00000000ed380000)
 ParOldGen       total 182272K, used 52191K [0x0000000080000000, 0x000000008b200000, 0x00000000d5580000)
  object space 182272K, 28% used [0x0000000080000000,0x00000000832f7e70,0x000000008b200000)
 Metaspace       used 64741K, capacity 67482K, committed 67712K, reserved 1107968K
  class space    used 8238K, capacity 8723K, committed 8832K, reserved 1048576K
GC Heap History (10 events):
Event: 970.948 GC heap before
{Heap before GC invocations=32 (full 7):
 PSYoungGen      total 352256K, used 13747K [0x00000000d5580000, 0x00000000eeb00000, 0x0000000100000000)
  eden space 338432K, 0% used [0x00000000d5580000,0x00000000d5580000,0x00000000ea000000)
  from space 13824K, 99% used [0x00000000ea000000,0x00000000ead6ce20,0x00000000ead80000)
  to   space 38400K, 0% used [0x00000000ec580000,0x00000000ec580000,0x00000000eeb00000)
 ParOldGen       total 182272K, used 43043K [0x0000000080000000, 0x000000008b200000, 0x00000000d5580000)
  object space 182272K, 23% used [0x0000000080000000,0x0000000082a08c68,0x000000008b200000)
 Metaspace       used 63840K, capacity 65884K, committed 65920K, reserved 1105920K
  class space    used 8132K, capacity 8553K, committed 8576K, reserved 1048576K
Event: 971.223 GC heap after
Heap after GC invocations=32 (full 7):
 PSYoungGen      total 352256K, used 0K [0x00000000d5580000, 0x00000000eeb00000, 0x0000000100000000)
  eden space 338432K, 0% used [0x00000000d5580000,0x00000000d5580000,0x00000000ea000000)
  from space 13824K, 0% used [0x00000000ea000000,0x00000000ea000000,0x00000000ead80000)
  to   space 38400K, 0% used [0x00000000ec580000,0x00000000ec580000,0x00000000eeb00000)
 ParOldGen       total 182272K, used 51829K [0x0000000080000000, 0x000000008b200000, 0x00000000d5580000)
  object space 182272K, 28% used [0x0000000080000000,0x000000008329d680,0x000000008b200000)
 Metaspace       used 63840K, capacity 65884K, committed 65920K, reserved 1105920K
  class space    used 8132K, capacity 8553K, committed 8576K, reserved 1048576K
}
Event: 1044.560 GC heap before
{Heap before GC invocations=33 (full 7):
 PSYoungGen      total 352256K, used 338432K [0x00000000d5580000, 0x00000000eeb00000, 0x0000000100000000)
  eden space 338432K, 100% used [0x00000000d5580000,0x00000000ea000000,0x00000000ea000000)
  from space 13824K, 0% used [0x00000000ea000000,0x00000000ea000000,0x00000000ead80000)
  to   space 38400K, 0% used [0x00000000ec580000,0x00000000ec580000,0x00000000eeb00000)
 ParOldGen       total 182272K, used 51829K [0x0000000080000000, 0x000000008b200000, 0x00000000d5580000)
  object space 182272K, 28% used [0x0000000080000000,0x000000008329d680,0x000000008b200000)
 Metaspace       used 64361K, capacity 66924K, committed 67072K, reserved 1107968K
  class space    used 8206K, capacity 8677K, committed 8704K, reserved 1048576K
Event: 1044.573 GC heap after
Heap after GC invocations=33 (full 7):
 PSYoungGen      total 378880K, used 16941K [0x00000000d5580000, 0x00000000efa80000, 0x0000000100000000)
  eden space 340480K, 0% used [0x00000000d5580000,0x00000000d5580000,0x00000000ea200000)
  from space 38400K, 44% used [0x00000000ec580000,0x00000000ed60b7b8,0x00000000eeb00000)
  to   space 36352K, 0% used [0x00000000ea200000,0x00000000ea200000,0x00000000ec580000)
 ParOldGen       total 182272K, used 51837K [0x0000000080000000, 0x000000008b200000, 0x00000000d5580000)
  object space 182272K, 28% used [0x0000000080000000,0x000000008329f680,0x000000008b200000)
 Metaspace       used 64361K, capacity 66924K, committed 67072K, reserved 1107968K
  class space    used 8206K, capacity 8677K, committed 8704K, reserved 1048576K
}
Event: 1110.026 GC heap before
{Heap before GC invocations=34 (full 7):
 PSYoungGen      total 378880K, used 357421K [0x00000000d5580000, 0x00000000efa80000, 0x0000000100000000)
  eden space 340480K, 100% used [0x00000000d5580000,0x00000000ea200000,0x00000000ea200000)
  from space 38400K, 44% used [0x00000000ec580000,0x00000000ed60b7b8,0x00000000eeb00000)
  to   space 36352K, 0% used [0x00000000ea200000,0x00000000ea200000,0x00000000ec580000)
 ParOldGen       total 182272K, used 51837K [0x0000000080000000, 0x000000008b200000, 0x00000000d5580000)
  object space 182272K, 28% used [0x0000000080000000,0x000000008329f680,0x000000008b200000)
 Metaspace       used 64665K, capacity 67336K, committed 67712K, reserved 1107968K
  class space    used 8226K, capacity 8707K, committed 8832K, reserved 1048576K
Event: 1110.046 GC heap after
Heap after GC invocations=34 (full 7):
 PSYoungGen      total 376832K, used 18273K [0x00000000d5580000, 0x00000000ef580000, 0x0000000100000000)
  eden space 340480K, 0% used [0x00000000d5580000,0x00000000d5580000,0x00000000ea200000)
  from space 36352K, 50% used [0x00000000ea200000,0x00000000eb3d8680,0x00000000ec580000)
  to   space 34816K, 0% used [0x00000000ed380000,0x00000000ed380000,0x00000000ef580000)
 ParOldGen       total 182272K, used 51845K [0x0000000080000000, 0x000000008b200000, 0x00000000d5580000)
  object space 182272K, 28% used [0x0000000080000000,0x00000000832a1680,0x000000008b200000)
 Metaspace       used 64665K, capacity 67336K, committed 67712K, reserved 1107968K
  class space    used 8226K, capacity 8707K, committed 8832K, reserved 1048576K
}
Event: 1110.830 GC heap before
{Heap before GC invocations=35 (full 7):
 PSYoungGen      total 376832K, used 80559K [0x00000000d5580000, 0x00000000ef580000, 0x0000000100000000)
  eden space 340480K, 18% used [0x00000000d5580000,0x00000000d9253920,0x00000000ea200000)
  from space 36352K, 50% used [0x00000000ea200000,0x00000000eb3d8680,0x00000000ec580000)
  to   space 34816K, 0% used [0x00000000ed380000,0x00000000ed380000,0x00000000ef580000)
 ParOldGen       total 182272K, used 51845K [0x0000000080000000, 0x000000008b200000, 0x00000000d5580000)
  object space 182272K, 28% used [0x0000000080000000,0x00000000832a1680,0x000000008b200000)
 Metaspace       used 64705K, capacity 67396K, committed 67712K, reserved 1107968K
  class space    used 8231K, capacity 8717K, committed 8832K, reserved 1048576K
Event: 1110.835 GC heap after
Heap after GC invocations=35 (full 7):
 PSYoungGen      total 391168K, used 5434K [0x00000000d5580000, 0x00000000ef580000, 0x0000000100000000)
  eden space 356352K, 0% used [0x00000000d5580000,0x00000000d5580000,0x00000000eb180000)
  from space 34816K, 15% used [0x00000000ed380000,0x00000000ed8ce828,0x00000000ef580000)
  to   space 34816K, 0% used [0x00000000eb180000,0x00000000eb180000,0x00000000ed380000)
 ParOldGen       total 182272K, used 51845K [0x0000000080000000, 0x000000008b200000, 0x00000000d5580000)
  object space 182272K, 28% used [0x0000000080000000,0x00000000832a1680,0x000000008b200000)
 Metaspace       used 64705K, capacity 67396K, committed 67712K, reserved 1107968K
  class space    used 8231K, capacity 8717K, committed 8832K, reserved 1048576K
}
Event: 1110.835 GC heap before
{Heap before GC invocations=36 (full 8):
 PSYoungGen      total 391168K, used 5434K [0x00000000d5580000, 0x00000000ef580000, 0x0000000100000000)
  eden space 356352K, 0% used [0x00000000d5580000,0x00000000d5580000,0x00000000eb180000)
  from space 34816K, 15% used [0x00000000ed380000,0x00000000ed8ce828,0x00000000ef580000)
  to   space 34816K, 0% used [0x00000000eb180000,0x00000000eb180000,0x00000000ed380000)
 ParOldGen       total 182272K, used 51845K [0x0000000080000000, 0x000000008b200000, 0x00000000d5580000)
  object space 182272K, 28% used [0x0000000080000000,0x00000000832a1680,0x000000008b200000)
 Metaspace       used 64705K, capacity 67396K, committed 67712K, reserved 1107968K
  class space    used 8231K, capacity 8717K, committed 8832K, reserved 1048576K
Event: 1111.162 GC heap after
Heap after GC invocations=36 (full 8):
 PSYoungGen      total 391168K, used 0K [0x00000000d5580000, 0x00000000ef580000, 0x0000000100000000)
  eden space 356352K, 0% used [0x00000000d5580000,0x00000000d5580000,0x00000000eb180000)
  from space 34816K, 0% used [0x00000000ed380000,0x00000000ed380000,0x00000000ef580000)
  to   space 34816K, 0% used [0x00000000eb180000,0x00000000eb180000,0x00000000ed380000)
 ParOldGen       total 182272K, used 52191K [0x0000000080000000, 0x000000008b200000, 0x00000000d5580000)
  object space 182272K, 28% used [0x0000000080000000,0x00000000832f7e70,0x000000008b200000)
 Metaspace       used 64705K, capacity 67396K, committed 67712K, reserved 1107968K
  class space    used 8231K, capacity 8717K, committed 8832K, reserved 1048576K
}

