# JRE version: Java(TM) SE Runtime Environment (8.0_72-b15) (build 1.8.0_72-b15)
# Java VM: Java HotSpot(TM) 64-Bit Server VM (25.72-b15 mixed mode windows-amd64 compressed oops)
Heap:
 PSYoungGen      total 291328K, used 57422K [0x00000000d5580000, 0x00000000eeb80000, 0x0000000100000000)
  eden space 266240K, 14% used [0x00000000d5580000,0x00000000d7bd8c18,0x00000000e5980000)
  from space 25088K, 72% used [0x00000000e5980000,0x00000000e6b3ae78,0x00000000e7200000)
  to   space 26112K, 0% used [0x00000000ed200000,0x00000000ed200000,0x00000000eeb80000)
 ParOldGen       total 156672K, used 45053K [0x0000000080000000, 0x0000000089900000, 0x00000000d5580000)
  object space 156672K, 28% used [0x0000000080000000,0x0000000082bff778,0x0000000089900000)
 Metaspace       used 65913K, capacity 67488K, committed 67712K, reserved 1107968K
  class space    used 8304K, capacity 8733K, committed 8832K, reserved 1048576K
GC Heap History (10 events):
Event: 28.217 GC heap before
{Heap before GC invocations=15 (full 3):
 PSYoungGen      total 215040K, used 18067K [0x00000000d5580000, 0x00000000e6280000, 0x0000000100000000)
  eden space 189440K, 0% used [0x00000000d5580000,0x00000000d5580000,0x00000000e0e80000)
  from space 25600K, 70% used [0x00000000e2880000,0x00000000e3a24dd0,0x00000000e4180000)
  to   space 26624K, 0% used [0x00000000e0e80000,0x00000000e0e80000,0x00000000e2880000)
 ParOldGen       total 100352K, used 43474K [0x0000000080000000, 0x0000000086200000, 0x00000000d5580000)
  object space 100352K, 43% used [0x0000000080000000,0x0000000082a749b0,0x0000000086200000)
 Metaspace       used 57808K, capacity 58956K, committed 59096K, reserved 1099776K
  class space    used 7603K, capacity 7993K, committed 8064K, reserved 1048576K
Event: 28.522 GC heap after
Heap after GC invocations=15 (full 3):
 PSYoungGen      total 215040K, used 0K [0x00000000d5580000, 0x00000000e6280000, 0x0000000100000000)
  eden space 189440K, 0% used [0x00000000d5580000,0x00000000d5580000,0x00000000e0e80000)
  from space 25600K, 0% used [0x00000000e2880000,0x00000000e2880000,0x00000000e4180000)
  to   space 26624K, 0% used [0x00000000e0e80000,0x00000000e0e80000,0x00000000e2880000)
 ParOldGen       total 156672K, used 55970K [0x0000000080000000, 0x0000000089900000, 0x00000000d5580000)
  object space 156672K, 35% used [0x0000000080000000,0x00000000836a8920,0x0000000089900000)
 Metaspace       used 57808K, capacity 58956K, committed 59096K, reserved 1099776K
  class space    used 7603K, capacity 7993K, committed 8064K, reserved 1048576K
}
Event: 33.461 GC heap before
{Heap before GC invocations=16 (full 3):
 PSYoungGen      total 215040K, used 189440K [0x00000000d5580000, 0x00000000e6280000, 0x0000000100000000)
  eden space 189440K, 100% used [0x00000000d5580000,0x00000000e0e80000,0x00000000e0e80000)
  from space 25600K, 0% used [0x00000000e2880000,0x00000000e2880000,0x00000000e4180000)
  to   space 26624K, 0% used [0x00000000e0e80000,0x00000000e0e80000,0x00000000e2880000)
 ParOldGen       total 156672K, used 55970K [0x0000000080000000, 0x0000000089900000, 0x00000000d5580000)
  object space 156672K, 35% used [0x0000000080000000,0x00000000836a8920,0x0000000089900000)
 Metaspace       used 64312K, capacity 65554K, committed 65792K, reserved 1105920K
  class space    used 8232K, capacity 8636K, committed 8704K, reserved 1048576K
Event: 33.484 GC heap after
Heap after GC invocations=16 (full 3):
 PSYoungGen      total 216064K, used 12743K [0x00000000d5580000, 0x00000000e8b80000, 0x0000000100000000)
  eden space 189440K, 0% used [0x00000000d5580000,0x00000000d5580000,0x00000000e0e80000)
  from space 26624K, 47% used [0x00000000e0e80000,0x00000000e1af1e30,0x00000000e2880000)
  to   space 25600K, 0% used [0x00000000e7280000,0x00000000e7280000,0x00000000e8b80000)
 ParOldGen       total 156672K, used 55978K [0x0000000080000000, 0x0000000089900000, 0x00000000d5580000)
  object space 156672K, 35% used [0x0000000080000000,0x00000000836aa920,0x0000000089900000)
 Metaspace       used 64312K, capacity 65554K, committed 65792K, reserved 1105920K
  class space    used 8232K, capacity 8636K, committed 8704K, reserved 1048576K
}
Event: 33.620 GC heap before
{Heap before GC invocations=17 (full 3):
 PSYoungGen      total 216064K, used 22111K [0x00000000d5580000, 0x00000000e8b80000, 0x0000000100000000)
  eden space 189440K, 4% used [0x00000000d5580000,0x00000000d5ea5e48,0x00000000e0e80000)
  from space 26624K, 47% used [0x00000000e0e80000,0x00000000e1af1e30,0x00000000e2880000)
  to   space 25600K, 0% used [0x00000000e7280000,0x00000000e7280000,0x00000000e8b80000)
 ParOldGen       total 156672K, used 55978K [0x0000000080000000, 0x0000000089900000, 0x00000000d5580000)
  object space 156672K, 35% used [0x0000000080000000,0x00000000836aa920,0x0000000089900000)
 Metaspace       used 64516K, capacity 65746K, committed 66048K, reserved 1105920K
  class space    used 8259K, capacity 8636K, committed 8704K, reserved 1048576K
Event: 33.628 GC heap after
Heap after GC invocations=17 (full 3):
 PSYoungGen      total 290816K, used 7423K [0x00000000d5580000, 0x00000000e8a80000, 0x0000000100000000)
  eden space 266240K, 0% used [0x00000000d5580000,0x00000000d5580000,0x00000000e5980000)
  from space 24576K, 30% used [0x00000000e7280000,0x00000000e79bfc80,0x00000000e8a80000)
  to   space 25088K, 0% used [0x00000000e5980000,0x00000000e5980000,0x00000000e7200000)
 ParOldGen       total 156672K, used 55986K [0x0000000080000000, 0x0000000089900000, 0x00000000d5580000)
  object space 156672K, 35% used [0x0000000080000000,0x00000000836ac920,0x0000000089900000)
 Metaspace       used 64516K, capacity 65746K, committed 66048K, reserved 1105920K
  class space    used 8259K, capacity 8636K, committed 8704K, reserved 1048576K
}
Event: 33.628 GC heap before
{Heap before GC invocations=18 (full 4):
 PSYoungGen      total 290816K, used 7423K [0x00000000d5580000, 0x00000000e8a80000, 0x0000000100000000)
  eden space 266240K, 0% used [0x00000000d5580000,0x00000000d5580000,0x00000000e5980000)
  from space 24576K, 30% used [0x00000000e7280000,0x00000000e79bfc80,0x00000000e8a80000)
  to   space 25088K, 0% used [0x00000000e5980000,0x00000000e5980000,0x00000000e7200000)
 ParOldGen       total 156672K, used 55986K [0x0000000080000000, 0x0000000089900000, 0x00000000d5580000)
  object space 156672K, 35% used [0x0000000080000000,0x00000000836ac920,0x0000000089900000)
 Metaspace       used 64516K, capacity 65746K, committed 66048K, reserved 1105920K
  class space    used 8259K, capacity 8636K, committed 8704K, reserved 1048576K
Event: 33.875 GC heap after
Heap after GC invocations=18 (full 4):
 PSYoungGen      total 290816K, used 0K [0x00000000d5580000, 0x00000000e8a80000, 0x0000000100000000)
  eden space 266240K, 0% used [0x00000000d5580000,0x00000000d5580000,0x00000000e5980000)
  from space 24576K, 0% used [0x00000000e7280000,0x00000000e7280000,0x00000000e8a80000)
  to   space 25088K, 0% used [0x00000000e5980000,0x00000000e5980000,0x00000000e7200000)
 ParOldGen       total 156672K, used 45045K [0x0000000080000000, 0x0000000089900000, 0x00000000d5580000)
  object space 156672K, 28% used [0x0000000080000000,0x0000000082bfd778,0x0000000089900000)
 Metaspace       used 64516K, capacity 65746K, committed 66048K, reserved 1105920K
  class space    used 8259K, capacity 8636K, committed 8704K, reserved 1048576K
}
Event: 277.120 GC heap before
{Heap before GC invocations=19 (full 4):
 PSYoungGen      total 290816K, used 266240K [0x00000000d5580000, 0x00000000e8a80000, 0x0000000100000000)
  eden space 266240K, 100% used [0x00000000d5580000,0x00000000e5980000,0x00000000e5980000)
  from space 24576K, 0% used [0x00000000e7280000,0x00000000e7280000,0x00000000e8a80000)
  to   space 25088K, 0% used [0x00000000e5980000,0x00000000e5980000,0x00000000e7200000)
 ParOldGen       total 156672K, used 45045K [0x0000000080000000, 0x0000000089900000, 0x00000000d5580000)
  object space 156672K, 28% used [0x0000000080000000,0x0000000082bfd778,0x0000000089900000)
 Metaspace       used 65449K, capacity 66946K, committed 67200K, reserved 1107968K
  class space    used 8301K, capacity 8728K, committed 8832K, reserved 1048576K
Event: 277.138 GC heap after
Heap after GC invocations=19 (full 4):
 PSYoungGen      total 291328K, used 18155K [0x00000000d5580000, 0x00000000eeb80000, 0x0000000100000000)
  eden space 266240K, 0% used [0x00000000d5580000,0x00000000d5580000,0x00000000e5980000)
  from space 25088K, 72% used [0x00000000e5980000,0x00000000e6b3ae78,0x00000000e7200000)
  to   space 26112K, 0% used [0x00000000ed200000,0x00000000ed200000,0x00000000eeb80000)
 ParOldGen       total 156672K, used 45053K [0x0000000080000000, 0x0000000089900000, 0x00000000d5580000)
  object space 156672K, 28% used [0x0000000080000000,0x0000000082bff778,0x0000000089900000)
 Metaspace       used 65449K, capacity 66946K, committed 67200K, reserved 1107968K
  class space    used 8301K, capacity 8728K, committed 8832K, reserved 1048576K
}

